# JRE version: OpenJDK Runtime Environment (8.0_171-b11) (build 1.8.0_171-8u171-b11-0ubuntu0.16.04.1-b11)
# Java VM: OpenJDK 64-Bit Server VM (25.171-b11 mixed mode linux-amd64 compressed oops)
Heap:
 garbage-first heap   total 643072K, used 104352K [0x00000000c0000000, 0x00000000c01013a0, 0x0000000100000000)
  region size 1024K, 15 young (15360K), 15 survivors (15360K)
 Metaspace       used 39522K, capacity 41794K, committed 42112K, reserved 1087488K
  class space    used 4207K, capacity 4946K, committed 4992K, reserved 1048576K
GC Heap History (10 events):
Event: 9,926 GC heap after
Heap after GC invocations=28 (full 0):
 garbage-first heap   total 63488K, used 42494K [0x00000000c0000000, 0x00000000c01001f0, 0x0000000100000000)
  region size 1024K, 1 young (1024K), 1 survivors (1024K)
 Metaspace       used 39468K, capacity 41730K, committed 41856K, reserved 1085440K
  class space    used 4200K, capacity 4946K, committed 4992K, reserved 1048576K
}
Event: 9,945 GC heap before
{Heap before GC invocations=28 (full 0):
 garbage-first heap   total 63488K, used 44542K [0x00000000c0000000, 0x00000000c01001f0, 0x0000000100000000)
  region size 1024K, 3 young (3072K), 1 survivors (1024K)
 Metaspace       used 39468K, capacity 41730K, committed 41856K, reserved 1085440K
  class space    used 4200K, capacity 4946K, committed 4992K, reserved 1048576K
Event: 9,994 GC heap after
Heap after GC invocations=29 (full 0):
 garbage-first heap   total 126976K, used 39994K [0x00000000c0000000, 0x00000000c01003e0, 0x0000000100000000)
  region size 1024K, 1 young (1024K), 1 survivors (1024K)
 Metaspace       used 39468K, capacity 41730K, committed 41856K, reserved 1085440K
  class space    used 4200K, capacity 4946K, committed 4992K, reserved 1048576K
}
Event: 10,468 GC heap before
{Heap before GC invocations=29 (full 0):
 garbage-first heap   total 126976K, used 105370K [0x00000000c0000000, 0x00000000c01003e0, 0x0000000100000000)
  region size 1024K, 64 young (65536K), 1 survivors (1024K)
 Metaspace       used 39468K, capacity 41730K, committed 41856K, reserved 1085440K
  class space    used 4200K, capacity 4946K, committed 4992K, reserved 1048576K
Event: 10,529 GC heap after
Heap after GC invocations=30 (full 0):
 garbage-first heap   total 253952K, used 50528K [0x00000000c0000000, 0x00000000c01007c0, 0x0000000100000000)
  region size 1024K, 8 young (8192K), 8 survivors (8192K)
 Metaspace       used 39468K, capacity 41730K, committed 41856K, reserved 1085440K
  class space    used 4200K, capacity 4946K, committed 4992K, reserved 1048576K
}
Event: 11,295 GC heap before
{Heap before GC invocations=30 (full 0):
 garbage-first heap   total 253952K, used 195616K [0x00000000c0000000, 0x00000000c01007c0, 0x0000000100000000)
  region size 1024K, 148 young (151552K), 8 survivors (8192K)
 Metaspace       used 39493K, capacity 41794K, committed 42112K, reserved 1087488K
  class space    used 4201K, capacity 4946K, committed 4992K, reserved 1048576K
Event: 11,384 GC heap after
Heap after GC invocations=31 (full 0):
 garbage-first heap   total 413696K, used 69574K [0x00000000c0000000, 0x00000000c0100ca0, 0x0000000100000000)
  region size 1024K, 19 young (19456K), 19 survivors (19456K)
 Metaspace       used 39493K, capacity 41794K, committed 42112K, reserved 1087488K
  class space    used 4201K, capacity 4946K, committed 4992K, reserved 1048576K
}
Event: 11,432 GC heap before
{Heap before GC invocations=31 (full 0):
 garbage-first heap   total 413696K, used 77766K [0x00000000c0000000, 0x00000000c0100ca0, 0x0000000100000000)
  region size 1024K, 27 young (27648K), 19 survivors (19456K)
 Metaspace       used 39493K, capacity 41794K, committed 42112K, reserved 1087488K
  class space    used 4201K, capacity 4946K, committed 4992K, reserved 1048576K
Event: 11,489 GC heap after
Heap after GC invocations=32 (full 0):
 garbage-first heap   total 540672K, used 72736K [0x00000000c0000000, 0x00000000c0101080, 0x0000000100000000)
  region size 1024K, 3 young (3072K), 3 survivors (3072K)
 Metaspace       used 39493K, capacity 41794K, committed 42112K, reserved 1087488K
  class space    used 4201K, capacity 4946K, committed 4992K, reserved 1048576K
}
Event: 12,956 GC heap before
{Heap before GC invocations=32 (full 0):
 garbage-first heap   total 540672K, used 342432K [0x00000000c0000000, 0x00000000c0101080, 0x0000000100000000)
  region size 1024K, 263 young (269312K), 3 survivors (3072K)
 Metaspace       used 39522K, capacity 41794K, committed 42112K, reserved 1087488K
  class space    used 4207K, capacity 4946K, committed 4992K, reserved 1048576K

